<?xml version="1.0" encoding="UTF-8"?>
<!-- Generated by org.testng.reporters.JUnitXMLReporter -->
<testsuite hostname="LAPTOP-ERC1HPRG" name="Test" tests="1" failures="1" timestamp="15 Jan 2022 18:52:52 GMT" time="7.151" errors="0">
  <testcase name="loginTest" time="0.012" classname="qa_paytm.testcases.LoginPageTest">
    <failure type="java.lang.NullPointerException">
      <![CDATA[java.lang.NullPointerException
	at org.openqa.selenium.support.pagefactory.DefaultElementLocator.findElement(DefaultElementLocator.java:70)
	at org.openqa.selenium.support.pagefactory.internal.LocatingElementHandler.invoke(LocatingElementHandler.java:39)
	at com.sun.proxy.$Proxy9.sendKeys(Unknown Source)
	at qa_paytm.pages.LoginPage.login(LoginPage.java:28)
	at qa_paytm.testcases.LoginPageTest.loginTest(LoginPageTest.java:21)
... Removed 24 stack frames]]>
    </failure>
  </testcase> <!-- loginTest -->
</testsuite> <!-- Test -->
