<?xml version="1.0" encoding="UTF-8"?>
<testng-results skipped="0" failed="1" total="1" passed="0">
  <reporter-output>
  </reporter-output>
  <suite name="Default suite" duration-ms="6031" started-at="2022-01-16T15:49:10Z" finished-at="2022-01-16T15:49:16Z">
    <groups>
    </groups>
    <test name="Default test" duration-ms="6031" started-at="2022-01-16T15:49:10Z" finished-at="2022-01-16T15:49:16Z">
      <class name="qa_paytm.testcases.LoginPageTest">
        <test-method status="PASS" signature="setUpSuit()[pri:0, instance:qa_paytm.testcases.LoginPageTest@6cc4c815]" name="setUpSuit" is-config="true" duration-ms="500" started-at="2022-01-16T21:19:10Z" finished-at="2022-01-16T21:19:10Z">
          <reporter-output>
          </reporter-output>
        </test-method> <!-- setUpSuit -->
        <test-method status="PASS" signature="setup()[pri:0, instance:qa_paytm.testcases.LoginPageTest@6cc4c815]" name="setup" is-config="true" duration-ms="6008" started-at="2022-01-16T21:19:10Z" finished-at="2022-01-16T21:19:16Z">
          <reporter-output>
          </reporter-output>
        </test-method> <!-- setup -->
        <test-method status="FAIL" signature="loginTest()[pri:0, instance:qa_paytm.testcases.LoginPageTest@6cc4c815]" name="loginTest" duration-ms="12" started-at="2022-01-16T21:19:16Z" finished-at="2022-01-16T21:19:16Z">
          <exception class="java.lang.NullPointerException">
            <full-stacktrace>
              <![CDATA[java.lang.NullPointerException
	at org.openqa.selenium.support.pagefactory.DefaultElementLocator.findElement(DefaultElementLocator.java:70)
	at org.openqa.selenium.support.pagefactory.internal.LocatingElementHandler.invoke(LocatingElementHandler.java:39)
	at com.sun.proxy.$Proxy9.sendKeys(Unknown Source)
	at qa_paytm.pages.LoginPage.login(LoginPage.java:28)
	at qa_paytm.testcases.LoginPageTest.loginTest(LoginPageTest.java:21)
	at sun.reflect.NativeMethodAccessorImpl.invoke0(Native Method)
	at sun.reflect.NativeMethodAccessorImpl.invoke(Unknown Source)
	at sun.reflect.DelegatingMethodAccessorImpl.invoke(Unknown Source)
	at java.lang.reflect.Method.invoke(Unknown Source)
	at org.testng.internal.MethodInvocationHelper.invokeMethod(MethodInvocationHelper.java:86)
	at org.testng.internal.Invoker.invokeMethod(Invoker.java:645)
	at org.testng.internal.Invoker.invokeTestMethod(Invoker.java:822)
	at org.testng.internal.Invoker.invokeTestMethods(Invoker.java:1130)
	at org.testng.internal.TestMethodWorker.invokeTestMethods(TestMethodWorker.java:129)
	at org.testng.internal.TestMethodWorker.run(TestMethodWorker.java:112)
	at org.testng.TestRunner.privateRun(TestRunner.java:782)
	at org.testng.TestRunner.run(TestRunner.java:632)
	at org.testng.SuiteRunner.runTest(SuiteRunner.java:366)
	at org.testng.SuiteRunner.runSequentially(SuiteRunner.java:361)
	at org.testng.SuiteRunner.privateRun(SuiteRunner.java:319)
	at org.testng.SuiteRunner.run(SuiteRunner.java:268)
	at org.testng.SuiteRunnerWorker.runSuite(SuiteRunnerWorker.java:52)
	at org.testng.SuiteRunnerWorker.run(SuiteRunnerWorker.java:86)
	at org.testng.TestNG.runSuitesSequentially(TestNG.java:1244)
	at org.testng.TestNG.runSuitesLocally(TestNG.java:1169)
	at org.testng.TestNG.run(TestNG.java:1064)
	at org.testng.remote.RemoteTestNG.run(RemoteTestNG.java:113)
	at org.testng.remote.RemoteTestNG.initAndRun(RemoteTestNG.java:206)
	at org.testng.remote.RemoteTestNG.main(RemoteTestNG.java:177)
]]>
            </full-stacktrace>
          </exception> <!-- java.lang.NullPointerException -->
          <reporter-output>
          </reporter-output>
        </test-method> <!-- loginTest -->
        <test-method status="PASS" signature="tearDown()[pri:0, instance:qa_paytm.testcases.LoginPageTest@6cc4c815]" name="tearDown" is-config="true" duration-ms="0" started-at="2022-01-16T21:19:16Z" finished-at="2022-01-16T21:19:16Z">
          <reporter-output>
          </reporter-output>
        </test-method> <!-- tearDown -->
      </class> <!-- qa_paytm.testcases.LoginPageTest -->
    </test> <!-- Default test -->
  </suite> <!-- Default suite -->
</testng-results>
